<?xml version="1.0" encoding="UTF-8"?>
<!-- Generated by org.testng.reporters.JUnitReportReporter -->
<testsuite hostname="DESKTOP-DUQ488G" failures="0" tests="1" name="com.saucedemo.testscripts.ScenarioFour" time="1.496" errors="0" timestamp="2023-05-29T12:23:42 EDT" skipped="0">
  <testcase classname="com.saucedemo.testscripts.ScenarioFour" name="scenarioFour" time="1.496"/>
  <system-out/>
</testsuite> <!-- com.saucedemo.testscripts.ScenarioFour -->
